Startfile from command line: /home/qr/paper3_trials/4gif/ase/4/4_capping.sp


       ***********************************************************
       *                    TeraChem v1.93P                      *
       *                 Hg Version: 79b87f121f2d                *
       *                   Production Version                    *
       *                Compiled without textures                *
       *           Chemistry at the Speed of Graphics!           *
       ***********************************************************
       * This program may only be used in connection with        *
       * a valid license from PetaChem, LLC. Use of this program *
       * or results thereof indicates acceptance of all terms    *
       * and conditions stated in the license and that a valid   *
       * license agreement between the user and PetaChem, LLC    *
       * exists. PetaChem, LLC does not warrant the correctness  *
       * of results or their suitability for any purpose.        *
       * Please email bugs, suggestions, and comments to         *
       *                  help@petachem.com                      *
       *                                                         *
       ***********************************************************


       ***********************************************************
       *  Compiled by toddmtz      Wed Aug 16 03:32:31 PDT 2017  *
       *  Supported architectures: sm_20 sm_30 sm_50 sm_60       *
       *  Cuda compilation tools, release 8.0, V8.0.44           *
       ***********************************************************


 Job started   Wed Mar 20 00:47:40 2019
 On cu33 (available memory: 60671 MB)

######################################### RUNTIME INFO ##########################################
/public/qmsoft/TeraChem/bin/terachem /home/qr/paper3_trials/4gif/ase/4/4_capping.sp 

NVRM version: NVIDIA UNIX x86_64 Kernel Module  396.26  Mon Apr 30 18:01:39 PDT 2018
GCC version:  gcc version 4.8.5 20150623 (Red Hat 4.8.5-4) (GCC) 

	linux-vdso.so.1 (0x00007ffdd4dd4000)
	libcurl.so.4 => /lib64/libcurl.so.4 (0x00002b95b73a6000)
	libintbox.so.1 => /public/qmsoft/TeraChem/lib/libintbox.so.1 (0x00002b95b760e000)
	libthcbox.so.1 => /public/qmsoft/TeraChem/lib/libthcbox.so.1 (0x00002b95d721c000)
	libgridbox.so.1 => /public/qmsoft/TeraChem/lib/libgridbox.so.1 (0x00002b95d8d86000)
	libdftbox.so.1 => /public/qmsoft/TeraChem/lib/libdftbox.so.1 (0x00002b95d9277000)
	libcublas.so.8.0 => /public/qmsoft/TeraChem/lib/libcublas.so.8.0 (0x00002b95d9588000)
	libcufft.so.8.0 => /public/qmsoft/TeraChem/lib/libcufft.so.8.0 (0x00002b95dbf38000)
	libcuda.so.1 => /public/qmsoft/TeraChem/lib/libcuda.so.1 (0x00002b95e4d86000)
	libcudart.so.8.0 => /public/qmsoft/TeraChem/lib/libcudart.so.8.0 (0x00002b95e5d06000)
	libcrypto.so.10 => /lib64/libcrypto.so.10 (0x00002b95e5f6c000)
	libssl.so.10 => /lib64/libssl.so.10 (0x00002b95e6353000)
	libm.so.6 => /lib64/libm.so.6 (0x00002b95e65c0000)
	libcilkrts.so.5 => /public/qmsoft/TeraChem/lib/libcilkrts.so.5 (0x00002b95e68c2000)
	libstdc++.so.6 => /lib64/libstdc++.so.6 (0x00002b95e6b03000)
	libgcc_s.so.1 => /lib64/libgcc_s.so.1 (0x00002b95e6e0b000)
	libpthread.so.0 => /lib64/libpthread.so.0 (0x00002b95e7021000)
	libdl.so.2 => /lib64/libdl.so.2 (0x00002b95e723f000)
	libc.so.6 => /lib64/libc.so.6 (0x00002b95e7443000)
	/lib64/ld-linux-x86-64.so.2 (0x00002b95b7183000)
	libidn.so.11 => /lib64/libidn.so.11 (0x00002b95e77f0000)
	libssh2.so.1 => /lib64/libssh2.so.1 (0x00002b95e7a23000)
	libssl3.so => /lib64/libssl3.so (0x00002b95e7c4d000)
	libsmime3.so => /lib64/libsmime3.so (0x00002b95e7e8f000)
	libnss3.so => /lib64/libnss3.so (0x00002b95e80b6000)
	libnssutil3.so => /lib64/libnssutil3.so (0x00002b95e83dc000)
	libplds4.so => /lib64/libplds4.so (0x00002b95e8608000)
	libplc4.so => /lib64/libplc4.so (0x00002b95e880c000)
	libnspr4.so => /lib64/libnspr4.so (0x00002b95e8a11000)
	libgssapi_krb5.so.2 => /lib64/libgssapi_krb5.so.2 (0x00002b95e8c4f000)
	libkrb5.so.3 => /lib64/libkrb5.so.3 (0x00002b95e8e9b000)
	libk5crypto.so.3 => /lib64/libk5crypto.so.3 (0x00002b95e9180000)
	libcom_err.so.2 => /lib64/libcom_err.so.2 (0x00002b95e93b2000)
	liblber-2.4.so.2 => /lib64/liblber-2.4.so.2 (0x00002b95e95b6000)
	libldap-2.4.so.2 => /lib64/libldap-2.4.so.2 (0x00002b95e97c5000)
	libz.so.1 => /lib64/libz.so.1 (0x00002b95e9a18000)
	librt.so.1 => /lib64/librt.so.1 (0x00002b95e9c2e000)
	libnvidia-fatbinaryloader.so.396.26 => /lib64/libnvidia-fatbinaryloader.so.396.26 (0x00002b95e9e36000)
	libkrb5support.so.0 => /lib64/libkrb5support.so.0 (0x00002b95ea082000)
	libkeyutils.so.1 => /lib64/libkeyutils.so.1 (0x00002b95ea291000)
	libresolv.so.2 => /lib64/libresolv.so.2 (0x00002b95ea495000)
	libsasl2.so.3 => /lib64/libsasl2.so.3 (0x00002b95ea6ac000)
	libselinux.so.1 => /lib64/libselinux.so.1 (0x00002b95ea8c9000)
	libcrypt.so.1 => /lib64/libcrypt.so.1 (0x00002b95eaaee000)
	libpcre.so.1 => /lib64/libpcre.so.1 (0x00002b95ead25000)
	liblzma.so.5 => /lib64/liblzma.so.5 (0x00002b95eaf86000)
#################################################################################################

       ********************** License Check **********************
       * Use license from: /public/qmsoft/TeraChem/license.dat
       * Available Host id: AC1F6B20BA82
       * Available Host id: AC1F6B20BA83
       * Available Host id: 52540000F6B3
       * Available Host id: 52540000F6B3
       * License Host id: AC1F6B20BA82
       * License expires: 2019-10-21
       ********************** License OK *************************
  _________________________________
 |         DFTD3 V3.0 Rev 2        |
 | S.Grimme, University Bonn       |
 |           Aug  2013             |
  _________________________________
 
 Please cite DFT-D3 work done with this code as:
 S. Grimme, J. Antony, S. Ehrlich and H. Krieg,
 J. Chem. Phys. 132 (2010), 154104
 If used with BJ-damping cite also
 S. Grimme, S. Ehrlich and L. Goerigk,
 J. Comput. Chem. 32 (2011), 1456-1465
 For DFT-D2 the reference is
 S. Grimme, J. Comput. Chem., 27 (2006), 1787-1799
 
Scratch directory: /tmp/qr/paper3_trials/4gif/ase/4/scr
Random number seed: 1351351

XYZ coordinates /home/qr/paper3_trials/4gif/ase/4/4_capping.xyz
Molden File Output: /tmp/qr/paper3_trials/4gif/ase/4/scr/4_capping.molden
Using basis set: 6-31g
Spin multiplicity: 1
DIIS will use up to 10 vectors.
WF convergence threshold: 3.00e-05
Using DIIS algorithm to converge WF
Maximum number of SCF iterations: 200
Incremental fock with rebuild every 8 iterations
Will switch to conventional Fock if diffuse functions are detected
X-matrix tolerance: 1.00e-04
PRECISION: DYNAMIC
DFT Functional requested: hf
Method: Hartree-Fock  with dispersion correction
Wavefunction: RESTRICTED
Initial guess generated by maximum overlap

********************************************
**** SINGLE POINT GRADIENT CALCULATIONS ****
********************************************
SCF:   Initial guess is taken from previous step
COSMO model for polarizable continuum model enabled
*************WARNING***************
Unrecognized or unnecessary keywords:
These are being ignored.
   multibasis se
   Cl lanl2dz_ecp
   Cd lanl2dz_ecp
   Zn lanl2dz_ecp
   Mg lanl2dz_ecp
***********************************

using 4 out of 4 CUDA devices
   Device 0:  GeForce GTX 1080 Ti, 11178MB, CC 6.1 -- CPU THREAD 0
   Device 1:  GeForce GTX 1080 Ti, 11178MB, CC 6.1 -- CPU THREAD 1
   Device 2:  GeForce GTX 1080 Ti, 11178MB, CC 6.1 -- CPU THREAD 2
   Device 3:  GeForce GTX 1080 Ti, 11178MB, CC 6.1 -- CPU THREAD 3
-------------------------------------------------------------------
Compiled with MAGMA support.  MAGMA parameters:
    Matrices larger than 5000 square will be treated with MAGMA
       (Change by setting the MagmaMinN environment variable)
    Magma will use 1 out of 4 GPUs
       (Change by setting the MagmaNGPUs environment variable)
-------------------------------------------------------------------
 CPU Memory Available: 8018.12 MegaWords 
 GPU Memory Available: 1141.31 MegaWords 
 Maximum recommended basis set size: 12200 basis functions
 (limited by GPU memory)
-------------------------------------------------------------------
Not using d-functions. Configuring GPUs accordingly.
0: CUBLAS initialized, available GPU memory: 6573MB
1: CUBLAS initialized, available GPU memory: 6573MB
2: CUBLAS initialized, available GPU memory: 6573MB
3: CUBLAS initialized, available GPU memory: 6573MB


Basis set:       6-31g
Total atoms:     425
Total charge:    1
Total electrons: 1502 (751-alpha, 751-beta)
Number electrons modeled by ECPs: 0
Total orbitals:  2201
Total AO shells: 1429 (1043 S-shells; 386 P-shells; 0 D-shells; 0 F-shells; 0 G-shells)
Spin multiplicity: 1
Nuclear repulsion energy (QM atoms): 69670.415938202830 a.u.

DFTD Energy:    -3.3179819 hartree
=COSMO= Number of H atoms in QM atoms:232
=COSMO= Number of Heavy atoms in QM atoms:193
=COSMO= size of A matrix:4046760648 bytes
=COSMO= ++++++++++++++++++++++++++++++ COSMO parameters ++++++++++++++++++++++++++++++
=COSMO= I. Cavity Information:
=COSMO= SAS(Solvent accesible surface) initialization finished
=COSMO= Time for initializing Molecular Surface:0.51969202 (sec)
=COSMO= Time for initializing cosmo calculation:13.00784766 (sec)
=COSMO= Cavity effective radius(Angstrom) (r_solv+r_vdw-dsc) was written into /tmp/qr/paper3_trials/4gif/ase/4/scr/ratom.txt
=COSMO= Solvent Dielectric Constant:78.390000
=COSMO= Cosmo Solvent radius:0.000000
=COSMO= Cosmo charge scaling method:0
=COSMO= Cavity built with Lebedev Grid
=COSMO= Grid points/QM Hydrogen: 110
=COSMO= Grid points/QM Heavy atom: 110
=COSMO= Herbert Switching-Gaussian method turned on
=COSMO= After removing points inside of SAS:
=COSMO= Total number of segments on molecular surface:22491
=COSMO= Number of segments belonging to QM atoms:22491
=COSMO= Total surface area of cavity: 2906.7631(Angstrom^2)
=COSMO= Total volume of cavity: 1640.5461 (Angstrom^3)
=COSMO= II. COSMO integral options:
=COSMO= Building COMSO c vector with original algorithm
=COSMO= COSMO one-electron integral threshold: 1e-12 
=COSMO= III. Linear solver options:
=COSMO= Initialize COSMO for A matrix in full storage form
=COSMO= CG precondtioner:Jacobi
=COSMO= Tight CG convergence threshold:1e-06
=COSMO= CG dynamic threshold: on
=COSMO= Adjust CG convergence threshold dynamically
=COSMO= IV. PCM field read/write options:
=COSMO= PCM field is not written to files
=COSMO= No PCM field file is read in
=COSMO= ++++++++++++++++++++++++++++++++++++++++++++++++++++++++++++++++++++++++++++++++

                      *** Start SCF Iterations ***

 Iter     DIIS Error       Energy change         Energy              E_PCM      Time(s)
---------------------------------------------------------------------------------------
         >>> Purifying P... IDMP = 3.93e-14 <<<
THRESPDP set to 1.00e+00
   1     0.3672414975   -9408.4174754907   -9408.4174754907     -1.2342614710    9.19  
   2     0.1747856814     -47.1444998506   -9455.5619753413     -0.8900104497    9.74  
   3     0.0477375696      -6.3145009013   -9461.8764762426     -1.0514765032    9.30  
   4     0.0190634008      -0.6975030754   -9462.5739793180     -0.9801871392    9.27  
   5     0.0052242735      -0.1053331441   -9462.6793124621     -1.0221473441    9.01  
THRESPDP set to 7.26e-05
   6     0.0031476928      -0.0087202812   -9462.6880327433     -1.0276414462   10.22  
   7     0.0018040295      -0.0013980205   -9462.6894307638     -1.0315615236    7.87  
   8     0.0009735072      -0.0002729647   -9462.6897037285     -1.0331646705    7.56  
   9     0.0005878543      -0.0000446849   -9462.6897484135     -1.0336482281    7.36  
  10     0.0002751784      -0.0000131212   -9462.6897615346     -1.0338534229    7.12  
  11     0.0001559971      -0.0000013319   -9462.6897628665     -1.0338854555    6.88  
  12     0.0000753743      +0.0000001599   -9462.6897627066     -1.0338905789    6.74  
  13     0.0000336069      -0.0000003407   -9462.6897630473     -1.0338847722    6.36  
  14     0.0000119383      -0.0000006399   -9462.6897636872     -1.0338813314    8.23  
---------------------------------------------------------------------------------------
FINAL ENERGY: -9462.6897636872 a.u.
DISPERSION CONTRIBUTION TO ENERGY: -3.3179819414 a.u.
C-PCM contribution to final energy:-1.0338813314 a.u. ( already included in final energy )
Computing C-PCM contribution to gradient...
CENTER OF MASS: {27.877843, 12.888975, 13.289234} ANGS
DIPOLE MOMENT: {19.450926, 141.298325, -135.595524} (|D| = 196.798631) DEBYE

Running Mulliken population analysis...

Writing out molden info

Gradient units are Hartree/Bohr
---------------------------------------------------
        dE/dX            dE/dY            dE/dZ
   -0.0994812688     0.0236982907     0.0195465652
   -0.0136510995    -0.0031967102     0.0095111962
    0.0057699431     0.0038830143     0.0089322410
   -0.0024417850    -0.0029236423    -0.0094734414
    0.0041968592     0.0070764075    -0.0090956752
   -0.0025106642    -0.0093864286     0.0067062433
   -0.0028473157     0.0046502870     0.0014620364
   -0.0167321480     0.0082312140    -0.0005485727
    0.0008211707     0.0018393028     0.0001934307
   -0.0023499660    -0.0009897863     0.0016505205
    0.0026422114     0.0073553088    -0.0032220566
   -0.0001669300     0.0011046910    -0.0008094306
    0.0004666967    -0.0002456000    -0.0000442230
   -0.0004679922    -0.0008914221     0.0003997362
   -0.0029419731    -0.0036751464     0.0023548358
   -0.0007123355     0.0018673932    -0.0060075900
   -0.0036266405     0.0051704636     0.0050280563
   -0.0004974435    -0.0028794666     0.0002494963
    0.0004229798    -0.0025680765    -0.0064294344
    0.0009945035     0.0013348754     0.0050758515
   -0.0011856261     0.0036179577    -0.0028312675
   -0.0016157177    -0.0003816546    -0.0022089381
    0.0093996624     0.0053789146     0.0028758807
   -0.0033948916    -0.0125707582    -0.0065618025
   -0.0036253465    -0.0088659960    -0.0008422265
    0.0048794550     0.0016052844    -0.0074113864
    0.0007159516    -0.0019022638     0.0005587161
   -0.0004246014    -0.0009583566    -0.0007514660
    0.0012818958    -0.0004142778     0.0015610339
   -0.0004688625    -0.0004935152    -0.0011987020
   -0.0003890763    -0.0018235208     0.0005753405
   -0.0032762284    -0.0010715406     0.0065679337
    0.0011213702     0.0004138532     0.0008518279
   -0.0005642044    -0.0007032440    -0.0009835029
   -0.0000430462     0.0181942445     0.0030946571
   -0.0006257060    -0.0016223459     0.0008309778
    0.0004717197     0.0001963236     0.0001809733
    0.0001539227     0.0007784789     0.0000883430
    0.0067837014    -0.0016472537     0.0057601691
    0.0019253842    -0.0009201778    -0.0023964110
    0.0017158925    -0.0004185761    -0.0031332010
    0.0006255391     0.0017710812     0.0050026280
   -0.0054129094     0.0013412942     0.0032715823
   -0.0015864930     0.0030429913    -0.0059982183
    0.0039032992     0.0005303165     0.0035402046
   -0.0004652881     0.0000032249    -0.0101887470
    0.0032394726    -0.0004121097    -0.0069260449
   -0.0024785470     0.0009686532     0.0119381382
   -0.0005480919     0.0020480948    -0.0039473778
   -0.0029811852     0.0008350321    -0.0046231008
    0.0004999013     0.0001372792     0.0011026292
    0.0021144198    -0.0003100581     0.0003588652
    0.0011394946     0.0000566288    -0.0002710411
    0.0006067741     0.0010240394     0.0013363248
   -0.0000680658    -0.0000253790    -0.0006392061
    0.0000130610     0.0003477931    -0.0004114290
   -0.0001355919     0.0000594715    -0.0001718718
    0.0005898600    -0.0015310204     0.0055426457
    0.0019694136    -0.0023267432    -0.0020553584
   -0.0020548335     0.0016903190    -0.0011092178
   -0.0009270346     0.0001523973     0.0027684177
   -0.0004941270    -0.0004311037     0.0006841205
   -0.0017243494    -0.0024300248     0.0014342442
    0.0018715240     0.0019288969    -0.0011887590
    0.0012437480    -0.0000030792    -0.0019147157
   -0.0056421105    -0.0003389397     0.0031080776
   -0.0034635927     0.0019070607    -0.0007142920
   -0.0008713278    -0.0031299947    -0.0002110382
    0.0035753128    -0.0018019594     0.0018214017
   -0.0003067703     0.0031995176    -0.0085437561
    0.0001419165    -0.0003545486    -0.0000187476
    0.0001959673     0.0002969396    -0.0004150996
   -0.0001870211     0.0004082676    -0.0001245395
   -0.0005073454     0.0007587460    -0.0003703859
   -0.0005497558     0.0004046336     0.0000717175
   -0.0006458039    -0.0003022748    -0.0004268388
   -0.0013205720     0.0003305642     0.0013708050
    0.0003192211    -0.0010183039     0.0001099692
    0.0029607356    -0.0003586422    -0.0035721555
   -0.0005957297     0.0011202252    -0.0060371009
    0.0029018025     0.0006690369     0.0036092876
    0.0001512583     0.0002675872    -0.0023292066
   -0.0002953935     0.0033236527     0.0012017342
    0.0007285736     0.0004367477     0.0011548750
   -0.0003539912    -0.0003433867     0.0042658570
   -0.0001226077    -0.0010262268    -0.0005611142
    0.0004895956     0.0005171789    -0.0011951256
    0.0001044470    -0.0007273218     0.0002066407
   -0.0002197043     0.0001918049    -0.0001864316
   -0.0002260105     0.0001431958    -0.0001675327
   -0.0003345547    -0.0001363655    -0.0003142241
   -0.0002243924     0.0002128024    -0.0004947615
    0.0001764611     0.0000360000    -0.0002685982
   -0.0003809166    -0.0005862115    -0.0008503307
    0.0001608230    -0.0000256120     0.0000800780
    0.0000649273     0.0002303871     0.0001068060
    0.0005867001     0.0008792687    -0.0002581896
    0.0014335668     0.0019946924     0.0047732817
    0.0043858916    -0.0024856855    -0.0033034820
    0.0005345332    -0.0015430400    -0.0025791958
    0.0027486790     0.0002178447     0.0071616835
   -0.0018742327    -0.0001814348    -0.0055101986
    0.0005116894     0.0012935821     0.0026969048
   -0.0008015089     0.0026588335     0.0001200375
    0.0017945467    -0.0030818297    -0.0019737769
    0.0001299558    -0.0010963869    -0.0009496316
   -0.0001228942     0.0002844524    -0.0005552899
   -0.0002340700     0.0001944608     0.0003597110
    0.0000788306    -0.0000410658     0.0001116709
    0.0005489622     0.0001561731     0.0005072799
    0.0005219275    -0.0001202198     0.0002674013
    0.0004002013    -0.0000842850    -0.0004083053
    0.0000633570     0.0005810540     0.0005234771
    0.0004448350    -0.0003900641     0.0002315037
   -0.0064370818    -0.0038752951    -0.0006438894
    0.0000870072     0.0009142566    -0.0024351912
   -0.0009591276    -0.0004398290    -0.0031288534
    0.0014203039     0.0005919944     0.0055362315
   -0.0027467308     0.0016323713     0.0028304866
   -0.0014401987     0.0003136413     0.0012973026
    0.0020047671     0.0000252744    -0.0002100452
   -0.0012585428    -0.0006813359    -0.0010645506
    0.0001931270     0.0003748190    -0.0002815946
    0.0000037895     0.0001254251     0.0003798453
    0.0002437204    -0.0005555639    -0.0006775027
    0.0007754284     0.0002057719    -0.0004816695
    0.0012791559     0.0006324329    -0.0008068595
    0.0000262796    -0.0007551140     0.0002756364
   -0.0000740536    -0.0002981592    -0.0005605535
   -0.0003301111     0.0000429512     0.0001636540
    0.0003061338    -0.0002699889     0.0000159573
    0.0000730582    -0.0001270807     0.0000653633
    0.0006990709     0.0000016521     0.0004240675
   -0.0008713403    -0.0028584589    -0.0004142605
   -0.0007653443    -0.0004988737    -0.0021351682
    0.0006635485    -0.0011132222    -0.0018027776
    0.0000839980     0.0009405429     0.0011636384
   -0.0004689058     0.0004898172     0.0020332330
   -0.0025262237     0.0027908675     0.0022939036
    0.0097375414     0.0024113962     0.0041138192
   -0.0068888676    -0.0021269253    -0.0014015405
   -0.0041149356    -0.0055037946    -0.0037533805
    0.0021061668     0.0022552251     0.0008871755
    0.0003821679    -0.0007502486     0.0000395222
    0.0002735421     0.0000083296    -0.0005883979
    0.0003360611    -0.0002805959     0.0000670053
   -0.0001228221    -0.0009049185     0.0002643202
    0.0000887736    -0.0008178319    -0.0000505914
   -0.0008005959     0.0001298729    -0.0005328231
    0.0015017598    -0.0028758023    -0.0022713118
    0.0018751251    -0.0010057020     0.0030505240
    0.0007028840     0.0015350570     0.0027362529
    0.0004073665     0.0010430419     0.0008094252
    0.0028207057    -0.0019184610     0.0032575621
   -0.0005772605    -0.0013878685    -0.0004653998
    0.0002749072    -0.0000344324     0.0003602160
   -0.0000067255     0.0002629923     0.0000628260
    0.0000418932    -0.0011668531     0.0001532858
   -0.0005335361     0.0004715922    -0.0006954843
    0.0000833805     0.0002008949    -0.0000325711
   -0.0000698416    -0.0000099863    -0.0001934978
   -0.0002604158     0.0005017147    -0.0000179744
    0.0007657581     0.0036835730     0.0020589128
    0.0012280631    -0.0028563435     0.0018585588
   -0.0001710312    -0.0003206439    -0.0077935922
   -0.0009336635    -0.0011707795     0.0037673244
   -0.0006130456     0.0007551591     0.0011366080
    0.0019448199    -0.0002617882     0.0012851207
    0.0026752780    -0.0000238741     0.0008650788
   -0.0001957046     0.0010479830    -0.0009239959
    0.0001923792     0.0000030952     0.0001203471
   -0.0009778028     0.0002548937    -0.0008425208
    0.0002410301    -0.0007364618     0.0003058088
   -0.0018056198    -0.0004995344     0.0006692016
   -0.0005179091     0.0005868059    -0.0002090872
   -0.0007068631     0.0011424445    -0.0004744653
   -0.0000038952    -0.0000862331     0.0000054315
   -0.0002872391    -0.0001668299    -0.0005352770
    0.0015231399    -0.0036192822     0.0025917758
   -0.0019125617    -0.0006731151     0.0010595460
   -0.0009115949     0.0017029969    -0.0040476210
    0.0005780738     0.0014109222    -0.0022266463
    0.0013943774     0.0023825390     0.0003748270
   -0.0007183392    -0.0005987767     0.0004673757
    0.0000615868    -0.0003998304     0.0029694682
   -0.0011470505     0.0001541601    -0.0031730017
   -0.0000446168     0.0005048687    -0.0007316440
   -0.0001450028    -0.0002809585    -0.0003615054
    0.0001070084     0.0000620758     0.0003950594
    0.0002870261    -0.0016649655    -0.0008391831
   -0.0003138783    -0.0009805642     0.0010467792
   -0.0004385686    -0.0003466091     0.0003561798
    0.0001401633    -0.0003480486     0.0012262229
   -0.0002112923     0.0000026717    -0.0000421893
    0.0007293728     0.0001304170     0.0000478678
    0.0001364223     0.0009877756    -0.0001826453
   -0.0001621101    -0.0002661713     0.0004460889
   -0.0031352027    -0.0008972470    -0.0008483344
    0.0003387943    -0.0020847883     0.0006859803
    0.0035882090    -0.0000812724     0.0065878173
   -0.0004165319     0.0000238202     0.0007074533
    0.0037268897     0.0006091628    -0.0011214778
   -0.0011995575    -0.0017007486     0.0007792832
    0.0028439102     0.0236183059    -0.0062202897
   -0.0030171849    -0.0047098449     0.0031315020
   -0.0014291334    -0.0142382373     0.0040338191
    0.0011189860     0.0007475617    -0.0032165517
   -0.0011678773    -0.0004659500     0.0002855051
   -0.0008441089     0.0001909739    -0.0015047576
    0.0004095715     0.0000106215     0.0002556780
   -0.0003845991    -0.0008306700     0.0008003748
   -0.0002904089    -0.0009547799    -0.0007271548
   -0.0018092492    -0.0015638754     0.0032037357
    0.0048260913    -0.0018029737    -0.0072110108
   -0.0589158974     0.0601826174    -0.0626150965
    0.0026419115    -0.0113304504     0.0446441256
    0.0025288326    -0.0002154882    -0.0020835135
   -0.0015626672    -0.0001462664     0.0004749738
    0.0000371566    -0.0008795375     0.0003629702
   -0.0013497485     0.0031816008     0.0042665244
    0.0002468007     0.0014147252     0.0005973405
   -0.0001244115    -0.0010134423    -0.0014783251
   -0.0013138014     0.0029984741    -0.0008226745
   -0.0007960649    -0.0001137063    -0.0000567371
    0.0021846679    -0.0018829038     0.0009415653
    0.0010715365    -0.0045523488     0.0000480299
    0.0000456151     0.0004779978     0.0001043839
    0.0012958650     0.0030586031     0.0010379222
    0.0032598368    -0.0022071299    -0.0091555967
   -0.0026762631     0.0041023218     0.0106367678
    0.0004358577    -0.0007139933    -0.0006688535
   -0.0306467873    -0.0935491374     0.0154347905
   -0.0051615411    -0.0208601944     0.0062771287
   -0.0327251894     0.0647477850    -0.0791014077
    0.0013000651    -0.0003043390     0.0409660347
   -0.0008416302     0.0023650823    -0.0056732730
    0.0031328438    -0.0023002667    -0.0058251019
   -0.0010262626    -0.0025989979     0.0033057084
   -0.0004479792     0.0005346257    -0.0090552387
   -0.0022520367    -0.0028578304    -0.0081474781
    0.0011543624     0.0012817597     0.0126367082
    0.0014026389    -0.0008661301    -0.0031754621
   -0.0111530489    -0.0177429250    -0.0047525034
   -0.0009756405     0.0018800819     0.0003343854
   -0.0008197911    -0.0016073327     0.0010378245
   -0.0041017621    -0.0010078872     0.0002548123
    0.0000931019    -0.0006694737     0.0012312995
    0.0005832197    -0.0003254573    -0.0004359437
   -0.0001550665    -0.0002433331    -0.0002236964
    0.0001251419     0.0000260725    -0.0001614430
   -0.0012002690    -0.0000224634     0.0044025577
   -0.0029932311    -0.0006683444    -0.0018688126
    0.0029298467     0.0009564727    -0.0012264332
    0.0004516393     0.0005014998     0.0017592318
   -0.0001887577     0.0004234498     0.0001559713
    0.0285547494    -0.0908247407     0.0396821053
    0.0091661457    -0.0133923139     0.0087187271
   -0.0641697871     0.0228311829    -0.0749669154
    0.0018335612     0.0036424034     0.0304201926
   -0.0003359439    -0.0024128809    -0.0070736320
    0.0016523267    -0.0007368108     0.0018713180
   -0.0018860790    -0.0006114043    -0.0003579277
    0.0005883003     0.0016542141    -0.0011917324
   -0.0012135439    -0.0201230077    -0.0003362530
   -0.0028257901    -0.0007641469    -0.0005406581
    0.0001079451    -0.0003095647     0.0013259951
   -0.0023914060    -0.0032852215     0.0012141985
    0.0007944738    -0.0010874804    -0.0002999420
   -0.0008026483    -0.0000101325     0.0005186233
    0.0002789738     0.0001837823    -0.0001679604
    0.0000920855    -0.0002571972    -0.0000190542
   -0.0005495079    -0.0003413932     0.0000466833
   -0.0004927802    -0.0003348336    -0.0001567402
   -0.0003698707    -0.0015760650     0.0007848742
   -0.0549014782    -0.0809308826     0.0334130831
   -0.0062535268    -0.0141348917     0.0085985516
   -0.0323525954     0.0804766305    -0.0540614714
    0.0153087434    -0.0089654964     0.0311728199
   -0.0083221538    -0.0017510236    -0.0097333952
    0.0008764583     0.0022883755     0.0038125341
    0.0007080840     0.0035273347     0.0026292352
   -0.0180103883    -0.0119537064     0.0009774799
   -0.0007091582     0.0025287386     0.0001222206
   -0.0000976193    -0.0009189384     0.0012777834
   -0.0015728363    -0.0002561427    -0.0005694006
   -0.0009147807    -0.0008486395    -0.0005109712
    0.0000873925    -0.0005605079    -0.0001163409
    0.0001825170     0.0000654700    -0.0003784432
   -0.0003474680    -0.0016589303     0.0012424709
    0.0000677457    -0.0000329959    -0.0002104635
   -0.0854987039     0.0242765542     0.0425565222
   -0.0120110783     0.0005336774     0.0115595530
    0.0065517178     0.0042217952     0.0033282030
   -0.0020799759    -0.0001333091     0.0065188636
   -0.0036079441     0.0020227021    -0.0052097473
   -0.0036602674    -0.0008657840     0.0005405896
   -0.0008802295     0.0017757123     0.0003628778
    0.0007120520    -0.0024270246    -0.0013884906
   -0.0186530973     0.0096902592    -0.0008568823
   -0.0000566197     0.0013127298    -0.0000215426
    0.0004263375    -0.0001811320    -0.0007184382
   -0.0012095604     0.0031699491     0.0009950223
    0.0003804330    -0.0011525524     0.0000771484
    0.0016386163     0.0010406539     0.0006794869
   -0.0003981929    -0.0000048733    -0.0004120208
   -0.0002536966    -0.0003915935     0.0000430112
    0.0025485636     0.0026583577     0.0005767435
   -0.0004681210     0.0007238941     0.0005866788
   -0.0007373689     0.0000987856    -0.0004090801
   -0.0013108464    -0.0018912439    -0.0004140337
    0.0018355658    -0.0027855341    -0.0069354783
   -0.0742562865     0.0473557188    -0.0421804737
    0.0118307732    -0.0000398299     0.0319585589
   -0.0010489166    -0.0000301319     0.0006456910
   -0.0015435205    -0.0024372346     0.0030324188
    0.0027022271    -0.0016185841     0.0006672905
    0.0005822866     0.0015610307    -0.0032742942
   -0.0003678326     0.0048144862    -0.0010175924
   -0.0008348819     0.0001574167    -0.0022845833
   -0.0010822597     0.0011275565     0.0008261774
   -0.0000972973    -0.0007087978     0.0008464985
   -0.0002868658     0.0001740299     0.0006603279
    0.0008604948     0.0003625444    -0.0001613431
   -0.0002381274     0.0003572637    -0.0002307245
   -0.0868205288    -0.0278620823     0.0418191753
   -0.0059848532    -0.0064914219     0.0085128965
    0.0142215732     0.0772921512    -0.0568313342
    0.0061326871    -0.0119082003     0.0217465256
   -0.0102909397     0.0045448052    -0.0075160023
    0.0005378059     0.0016555333     0.0037621322
   -0.0004855863    -0.0007744639     0.0032152103
   -0.0012322350     0.0012258274    -0.0049530756
   -0.0234661190     0.0016376133     0.0001873490
    0.0003638675     0.0031301747    -0.0008752946
    0.0005224978    -0.0005406700     0.0004583261
    0.0012564476     0.0005932388    -0.0003535972
    0.0004452436     0.0005931592     0.0009312082
    0.0000694298     0.0008208257     0.0002205256
    0.0001719735     0.0006724112     0.0011990411
    0.0002358860     0.0000384492    -0.0000144622
    0.0003461928     0.0003425301     0.0007439713
   -0.0010184624    -0.0004662649    -0.0003729151
   -0.0002537409    -0.0003298346     0.0008189833
    0.0674142000     0.0514897800    -0.0518052601
    0.0096350568     0.0004323650    -0.0133344931
   -0.0116171268    -0.0003374827    -0.0028800212
    0.0021557186    -0.0027496386     0.0019105696
   -0.0029889222     0.0114385523     0.0071317886
   -0.0009888743     0.0011124068    -0.0076557317
   -0.0003439401     0.0005279418     0.0005893744
    0.0003794804    -0.0006457004     0.0031344071
    0.0004540363    -0.0000590541     0.0001955337
    0.0088807813     0.0181716543    -0.0057932828
   -0.0007366145     0.0014156669    -0.0000920011
    0.0007619894    -0.0000002087     0.0001472300
    0.0018355243    -0.0001830726    -0.0017272766
    0.0007305330    -0.0002521447     0.0011448130
    0.0012719261     0.0002551456     0.0002023956
    0.0071446654    -0.0021120131    -0.0041885157
    0.0013068268    -0.0000823020    -0.0003309208
    0.0039553286     0.0066035605    -0.0018603073
   -0.0032459770    -0.0029262603    -0.0021144450
   -0.0018428434     0.0059470659     0.0022181810
    0.0000893571     0.0003452118    -0.0017541546
    0.0032726192    -0.0003575116     0.0004895047
    0.0005331982     0.0054396194    -0.0025506558
    0.0016160057    -0.0089593912     0.0014246838
    0.0112919721     0.0029145337    -0.0096033953
    0.0017260962    -0.0029529951    -0.0050873014
   -0.0015566732     0.0015953140     0.0091770008
    0.0005990132     0.0005990838    -0.0001852380
    0.0009599585    -0.0022960529    -0.0009954693
   -0.0001097719    -0.0009569298    -0.0008190322
   -0.0005670396    -0.0023908058    -0.0012253482
    0.0004761886    -0.0004282477     0.0004932045
   -0.0008291657     0.0004922009    -0.0008384141
   -0.0018225983    -0.0021837979     0.0007452722
    0.0020837791    -0.0020562810    -0.0004388040
   -0.0002467431     0.0025600224    -0.0001364122
   -0.0100167572    -0.0017104909     0.0041775669
   -0.0028590343     0.0066266004     0.0100953921
   -0.0018641936     0.0023076172     0.0004767519
   -0.0025426589    -0.0073786007    -0.0031505004
   -0.0015572750    -0.0017303161     0.0015239655
   -0.0004140397    -0.0002749339     0.0013313997
   -0.0005947198     0.0012690199    -0.0023874313
   -0.0004215594     0.0009582007     0.0024311339
   -0.0002348805    -0.0030911554     0.0007860402
   -0.0002224545    -0.0002513481    -0.0013483658
   -0.0025504650     0.0064854222    -0.0014594286
    0.0200501573     0.0036232668    -0.0163699550
   -0.0006985049     0.0042149228     0.0025326113
    0.0009951071     0.0003635745    -0.0000430344
   -0.0010084136    -0.0011371948     0.0004308597
    0.0002357100     0.0002964053    -0.0017170340
    0.0001871864     0.0007171831    -0.0008950031
    0.0019445421     0.0007373669    -0.0009805069
    0.0010908693     0.0004237399     0.0004461628
    0.0002701836    -0.0000043115     0.0005023093
    0.0005608478     0.0001369800     0.0008889149
   -0.0003284970    -0.0001646540     0.0006537859
   -0.0221035352    -0.0050331097     0.0193121159
    0.0005983094    -0.0022380999    -0.0019394387
    0.0019876873    -0.0009307155    -0.0010096807
   -0.0032808596    -0.0029299289    -0.0046959742
   -0.0026886019    -0.0004797876    -0.0005411067
   -0.0137268820     0.0728986059     0.0807344371
    0.0282864104    -0.0179623496    -0.0324165090
    0.0011301620     0.0006210147     0.0050751249
    0.0015924793     0.0003897744     0.0001713330
    0.0004559243     0.0013656664    -0.0013275613
    0.1270892830    -0.0414788084    -0.0256349677
    0.0510170943    -0.0440803451     0.0257240128
    0.0569270586     0.1230537862    -0.0124541552
    0.0241061248    -0.0527756736     0.0425997378
   -0.0235637274     0.1252926802    -0.0468754243
    0.0533158327    -0.0214432975     0.0448093145
    0.0843622575     0.0956441791    -0.0473839016
    0.0167939423    -0.0640551318     0.0281156312
    0.1205326874    -0.0422163692    -0.0471825531
    0.0569811567    -0.0423958599     0.0172366034
    0.1225400765     0.0185671953    -0.0562220517
   -0.0194122458    -0.0604520922     0.0354581086
   -0.0796801012    -0.0841538948     0.0718823388
   -0.0101925625    -0.0534314868    -0.0472046551
---------------------------------------------------
Net gradient: -6.214398e-10  1.552909e-09 -7.897072e-10
Net torque:   -1.183693e-03  3.107866e-03  6.686536e-04

Total processing time: 155.21 sec 

 Job finished: Wed Mar 20 00:50:35 2019

