Startfile from command line: /home/qr/paper3_trials/4gif/ase/2/2_capping.sp


       ***********************************************************
       *                    TeraChem v1.93P                      *
       *                 Hg Version: 79b87f121f2d                *
       *                   Production Version                    *
       *                Compiled without textures                *
       *           Chemistry at the Speed of Graphics!           *
       ***********************************************************
       * This program may only be used in connection with        *
       * a valid license from PetaChem, LLC. Use of this program *
       * or results thereof indicates acceptance of all terms    *
       * and conditions stated in the license and that a valid   *
       * license agreement between the user and PetaChem, LLC    *
       * exists. PetaChem, LLC does not warrant the correctness  *
       * of results or their suitability for any purpose.        *
       * Please email bugs, suggestions, and comments to         *
       *                  help@petachem.com                      *
       *                                                         *
       ***********************************************************


       ***********************************************************
       *  Compiled by toddmtz      Wed Aug 16 03:32:31 PDT 2017  *
       *  Supported architectures: sm_20 sm_30 sm_50 sm_60       *
       *  Cuda compilation tools, release 8.0, V8.0.44           *
       ***********************************************************


 Job started   Wed Mar 20 00:47:28 2019
 On cu35 (available memory: 60369 MB)

######################################### RUNTIME INFO ##########################################
/public/qmsoft/TeraChem/bin/terachem /home/qr/paper3_trials/4gif/ase/2/2_capping.sp 

NVRM version: NVIDIA UNIX x86_64 Kernel Module  396.26  Mon Apr 30 18:01:39 PDT 2018
GCC version:  gcc version 4.8.5 20150623 (Red Hat 4.8.5-4) (GCC) 

	linux-vdso.so.1 (0x00007ffde1ba1000)
	libcurl.so.4 => /lib64/libcurl.so.4 (0x00002b0a8d0a0000)
	libintbox.so.1 => /public/qmsoft/TeraChem/lib/libintbox.so.1 (0x00002b0a8d308000)
	libthcbox.so.1 => /public/qmsoft/TeraChem/lib/libthcbox.so.1 (0x00002b0aacf16000)
	libgridbox.so.1 => /public/qmsoft/TeraChem/lib/libgridbox.so.1 (0x00002b0aaea80000)
	libdftbox.so.1 => /public/qmsoft/TeraChem/lib/libdftbox.so.1 (0x00002b0aaef71000)
	libcublas.so.8.0 => /public/qmsoft/TeraChem/lib/libcublas.so.8.0 (0x00002b0aaf282000)
	libcufft.so.8.0 => /public/qmsoft/TeraChem/lib/libcufft.so.8.0 (0x00002b0ab1c32000)
	libcuda.so.1 => /public/qmsoft/TeraChem/lib/libcuda.so.1 (0x00002b0abaa80000)
	libcudart.so.8.0 => /public/qmsoft/TeraChem/lib/libcudart.so.8.0 (0x00002b0abba00000)
	libcrypto.so.10 => /lib64/libcrypto.so.10 (0x00002b0abbc66000)
	libssl.so.10 => /lib64/libssl.so.10 (0x00002b0abc04d000)
	libm.so.6 => /lib64/libm.so.6 (0x00002b0abc2ba000)
	libcilkrts.so.5 => /public/qmsoft/TeraChem/lib/libcilkrts.so.5 (0x00002b0abc5bc000)
	libstdc++.so.6 => /lib64/libstdc++.so.6 (0x00002b0abc7fd000)
	libgcc_s.so.1 => /lib64/libgcc_s.so.1 (0x00002b0abcb05000)
	libpthread.so.0 => /lib64/libpthread.so.0 (0x00002b0abcd1b000)
	libdl.so.2 => /lib64/libdl.so.2 (0x00002b0abcf39000)
	libc.so.6 => /lib64/libc.so.6 (0x00002b0abd13d000)
	/lib64/ld-linux-x86-64.so.2 (0x00002b0a8ce7d000)
	libidn.so.11 => /lib64/libidn.so.11 (0x00002b0abd4ea000)
	libssh2.so.1 => /lib64/libssh2.so.1 (0x00002b0abd71d000)
	libssl3.so => /lib64/libssl3.so (0x00002b0abd947000)
	libsmime3.so => /lib64/libsmime3.so (0x00002b0abdb89000)
	libnss3.so => /lib64/libnss3.so (0x00002b0abddb0000)
	libnssutil3.so => /lib64/libnssutil3.so (0x00002b0abe0d6000)
	libplds4.so => /lib64/libplds4.so (0x00002b0abe302000)
	libplc4.so => /lib64/libplc4.so (0x00002b0abe506000)
	libnspr4.so => /lib64/libnspr4.so (0x00002b0abe70b000)
	libgssapi_krb5.so.2 => /lib64/libgssapi_krb5.so.2 (0x00002b0abe949000)
	libkrb5.so.3 => /lib64/libkrb5.so.3 (0x00002b0abeb95000)
	libk5crypto.so.3 => /lib64/libk5crypto.so.3 (0x00002b0abee7a000)
	libcom_err.so.2 => /lib64/libcom_err.so.2 (0x00002b0abf0ac000)
	liblber-2.4.so.2 => /lib64/liblber-2.4.so.2 (0x00002b0abf2b0000)
	libldap-2.4.so.2 => /lib64/libldap-2.4.so.2 (0x00002b0abf4bf000)
	libz.so.1 => /lib64/libz.so.1 (0x00002b0abf712000)
	librt.so.1 => /lib64/librt.so.1 (0x00002b0abf928000)
	libnvidia-fatbinaryloader.so.396.26 => /lib64/libnvidia-fatbinaryloader.so.396.26 (0x00002b0abfb30000)
	libkrb5support.so.0 => /lib64/libkrb5support.so.0 (0x00002b0abfd7c000)
	libkeyutils.so.1 => /lib64/libkeyutils.so.1 (0x00002b0abff8b000)
	libresolv.so.2 => /lib64/libresolv.so.2 (0x00002b0ac018f000)
	libsasl2.so.3 => /lib64/libsasl2.so.3 (0x00002b0ac03a6000)
	libselinux.so.1 => /lib64/libselinux.so.1 (0x00002b0ac05c3000)
	libcrypt.so.1 => /lib64/libcrypt.so.1 (0x00002b0ac07e8000)
	libpcre.so.1 => /lib64/libpcre.so.1 (0x00002b0ac0a1f000)
	liblzma.so.5 => /lib64/liblzma.so.5 (0x00002b0ac0c80000)
#################################################################################################

       ********************** License Check **********************
       * Use license from: /public/qmsoft/TeraChem/license.dat
       * Available Host id: 0CC47AE5BB3E
       * Available Host id: 0CC47AE5BB3F
       * Available Host id: 5254009482E9
       * Available Host id: 5254009482E9
       * License Host id: 0CC47AE5BB3E
       * License expires: 2019-10-21
       ********************** License OK *************************
  _________________________________
 |         DFTD3 V3.0 Rev 2        |
 | S.Grimme, University Bonn       |
 |           Aug  2013             |
  _________________________________
 
 Please cite DFT-D3 work done with this code as:
 S. Grimme, J. Antony, S. Ehrlich and H. Krieg,
 J. Chem. Phys. 132 (2010), 154104
 If used with BJ-damping cite also
 S. Grimme, S. Ehrlich and L. Goerigk,
 J. Comput. Chem. 32 (2011), 1456-1465
 For DFT-D2 the reference is
 S. Grimme, J. Comput. Chem., 27 (2006), 1787-1799
 
Scratch directory: /tmp/qr/paper3_trials/4gif/ase/2/scr
Random number seed: 1351351

XYZ coordinates /home/qr/paper3_trials/4gif/ase/2/2_capping.xyz
Molden File Output: /tmp/qr/paper3_trials/4gif/ase/2/scr/2_capping.molden
Using basis set: 6-31g
Spin multiplicity: 1
DIIS will use up to 10 vectors.
WF convergence threshold: 3.00e-05
Using DIIS algorithm to converge WF
Maximum number of SCF iterations: 200
Incremental fock with rebuild every 8 iterations
Will switch to conventional Fock if diffuse functions are detected
X-matrix tolerance: 1.00e-04
PRECISION: DYNAMIC
DFT Functional requested: hf
Method: Hartree-Fock  with dispersion correction
Wavefunction: RESTRICTED
Initial guess generated by maximum overlap

********************************************
**** SINGLE POINT GRADIENT CALCULATIONS ****
********************************************
SCF:   Initial guess is taken from previous step
COSMO model for polarizable continuum model enabled
*************WARNING***************
Unrecognized or unnecessary keywords:
These are being ignored.
   multibasis se
   Cl lanl2dz_ecp
   Cd lanl2dz_ecp
   Zn lanl2dz_ecp
   Mg lanl2dz_ecp
***********************************

using 4 out of 4 CUDA devices
   Device 0:  GeForce GTX 1080 Ti, 11178MB, CC 6.1 -- CPU THREAD 0
   Device 1:  GeForce GTX 1080 Ti, 11178MB, CC 6.1 -- CPU THREAD 1
   Device 2:  GeForce GTX 1080 Ti, 11178MB, CC 6.1 -- CPU THREAD 2
   Device 3:  GeForce GTX 1080 Ti, 11178MB, CC 6.1 -- CPU THREAD 3
-------------------------------------------------------------------
Compiled with MAGMA support.  MAGMA parameters:
    Matrices larger than 5000 square will be treated with MAGMA
       (Change by setting the MagmaMinN environment variable)
    Magma will use 1 out of 4 GPUs
       (Change by setting the MagmaNGPUs environment variable)
-------------------------------------------------------------------
 CPU Memory Available: 8018.12 MegaWords 
 GPU Memory Available: 1141.31 MegaWords 
 Maximum recommended basis set size: 12200 basis functions
 (limited by GPU memory)
-------------------------------------------------------------------
Not using d-functions. Configuring GPUs accordingly.
0: CUBLAS initialized, available GPU memory: 6573MB
1: CUBLAS initialized, available GPU memory: 6573MB
2: CUBLAS initialized, available GPU memory: 6573MB
3: CUBLAS initialized, available GPU memory: 6573MB


Basis set:       6-31g
Total atoms:     420
Total charge:    0
Total electrons: 1504 (752-alpha, 752-beta)
Number electrons modeled by ECPs: 0
Total orbitals:  2178
Total AO shells: 1414 (1032 S-shells; 382 P-shells; 0 D-shells; 0 F-shells; 0 G-shells)
Spin multiplicity: 1
Nuclear repulsion energy (QM atoms): 66617.149554403746 a.u.

DFTD Energy:    -3.1966543 hartree
=COSMO= Number of H atoms in QM atoms:230
=COSMO= Number of Heavy atoms in QM atoms:190
=COSMO= size of A matrix:4105267272 bytes
=COSMO= ++++++++++++++++++++++++++++++ COSMO parameters ++++++++++++++++++++++++++++++
=COSMO= I. Cavity Information:
=COSMO= SAS(Solvent accesible surface) initialization finished
=COSMO= Time for initializing Molecular Surface:0.50759000 (sec)
=COSMO= Time for initializing cosmo calculation:12.54359082 (sec)
=COSMO= Cavity effective radius(Angstrom) (r_solv+r_vdw-dsc) was written into /tmp/qr/paper3_trials/4gif/ase/2/scr/ratom.txt
=COSMO= Solvent Dielectric Constant:78.390000
=COSMO= Cosmo Solvent radius:0.000000
=COSMO= Cosmo charge scaling method:0
=COSMO= Cavity built with Lebedev Grid
=COSMO= Grid points/QM Hydrogen: 110
=COSMO= Grid points/QM Heavy atom: 110
=COSMO= Herbert Switching-Gaussian method turned on
=COSMO= After removing points inside of SAS:
=COSMO= Total number of segments on molecular surface:22653
=COSMO= Number of segments belonging to QM atoms:22653
=COSMO= Total surface area of cavity: 3006.5411(Angstrom^2)
=COSMO= Total volume of cavity: 1703.6166 (Angstrom^3)
=COSMO= II. COSMO integral options:
=COSMO= Building COMSO c vector with original algorithm
=COSMO= COSMO one-electron integral threshold: 1e-12 
=COSMO= III. Linear solver options:
=COSMO= Initialize COSMO for A matrix in full storage form
=COSMO= CG precondtioner:Jacobi
=COSMO= Tight CG convergence threshold:1e-06
=COSMO= CG dynamic threshold: on
=COSMO= Adjust CG convergence threshold dynamically
=COSMO= IV. PCM field read/write options:
=COSMO= PCM field is not written to files
=COSMO= No PCM field file is read in
=COSMO= ++++++++++++++++++++++++++++++++++++++++++++++++++++++++++++++++++++++++++++++++

                      *** Start SCF Iterations ***

 Iter     DIIS Error       Energy change         Energy              E_PCM      Time(s)
---------------------------------------------------------------------------------------
         >>> Purifying P... IDMP = 4.26e-14 <<<
THRESPDP set to 1.00e+00
   1     0.6055495574  -10044.3522086516  -10044.3522086516     -1.1007132879    8.45  
   2     0.2142701229     -46.8350677611  -10091.1872764128     -0.7855245907    8.92  
   3     0.0658976389      -6.8030394213  -10097.9903158341     -0.9092300656    8.74  
   4     0.0179115211      -0.7618766253  -10098.7521924594     -0.8525937613    8.59  
THRESPDP set to 6.60e-05
   5     0.0062233694      -0.1091271519  -10098.8613196113     -0.8876459395    9.56  
   6     0.0032422697      -0.0097301890  -10098.8710498003     -0.8938972209    7.48  
   7     0.0018056468      -0.0016585452  -10098.8727083455     -0.8975847170    7.25  
   8     0.0009449951      -0.0003107728  -10098.8730191183     -0.8992757037    7.04  
   9     0.0005762546      -0.0000452670  -10098.8730643852     -0.8996367553    6.88  
  10     0.0002884015      -0.0000117411  -10098.8730761263     -0.8998557811    6.75  
  11     0.0001647532      -0.0000011561  -10098.8730772824     -0.8998653144    6.42  
  12     0.0000829687      -0.0000002996  -10098.8730775820     -0.8998763500    6.32  
  13     0.0000398192      -0.0000003387  -10098.8730779208     -0.8998736808    8.14  
  14     0.0000151798      -0.0000003126  -10098.8730782334     -0.8998704932    4.83  
---------------------------------------------------------------------------------------
FINAL ENERGY: -10098.8730782334 a.u.
DISPERSION CONTRIBUTION TO ENERGY: -3.1966542673 a.u.
C-PCM contribution to final energy:-0.8998704932 a.u. ( already included in final energy )
Computing C-PCM contribution to gradient...
CENTER OF MASS: {23.267670, 5.885364, 29.669493} ANGS
DIPOLE MOMENT: {-19.805782, 29.605175, -2.828811} (|D| = 35.731464) DEBYE

Running Mulliken population analysis...

Writing out molden info

Gradient units are Hartree/Bohr
---------------------------------------------------
        dE/dX            dE/dY            dE/dZ
   -0.1037954403     0.0002381607    -0.0045511866
   -0.0131013467    -0.0054246527     0.0053984790
    0.0013340294     0.0030923275     0.0173218990
    0.0021345439    -0.0013895546    -0.0078291157
    0.0031132971     0.0089539477    -0.0081121904
   -0.0034093004    -0.0005584799     0.0028664679
    0.0034650756     0.0242246715    -0.0070753694
   -0.0029628891    -0.0045246997     0.0029092952
   -0.0020952944    -0.0135830739     0.0044455703
   -0.0172160350     0.0104829713    -0.0085716725
   -0.0006315300     0.0006087093     0.0008710771
    0.0009079427     0.0003291730    -0.0011576681
   -0.0008126014    -0.0004530604    -0.0000513273
   -0.0002343243    -0.0008749996     0.0006816105
   -0.0002716697    -0.0011004420    -0.0010183893
   -0.0030103982    -0.0063216197    -0.0007025960
   -0.0016554180     0.0024789678    -0.0041088326
   -0.0044960643     0.0035223494    -0.0032043518
    0.0020627196    -0.0026168494     0.0078941523
    0.0056886412     0.0037118006    -0.0040823940
    0.0001985027    -0.0010199035     0.0000159555
    0.0000989702     0.0000081574    -0.0010478909
    0.0014300115    -0.0007813211     0.0001545640
   -0.0021830636    -0.0008696068    -0.0005894949
   -0.0017267884    -0.0026207835    -0.0027682734
   -0.0000932316     0.0001170470     0.0011852736
    0.0012173289    -0.0031585522    -0.0006512724
   -0.0004267228     0.0014385080    -0.0026312381
   -0.0006816245     0.0008794646     0.0004806084
    0.0008364685     0.0038504591    -0.0070318828
    0.0010775829    -0.0000417409     0.0006971628
    0.0008241247     0.0001321651     0.0010865081
    0.0000162376     0.0004726041    -0.0003510754
    0.0002240200    -0.0010166362    -0.0003839119
    0.0003150971     0.0003012990     0.0010940923
    0.0005126907    -0.0013093687     0.0004592939
    0.0003515873     0.0008667964     0.0013789214
   -0.0005953763    -0.0001867210    -0.0002479278
   -0.0009361655     0.0021269133     0.0052295792
    0.0012086030     0.0032733934    -0.0018971523
    0.0004503267    -0.0000134292     0.0037183420
    0.0018084204    -0.0015233427    -0.0029290494
    0.0041405267    -0.0012061118    -0.0026554244
    0.0007854211     0.0019307815    -0.0063557098
   -0.0028855110     0.0046732335     0.0004058494
    0.0001713163     0.0014146019    -0.0103453094
   -0.0009502074     0.0002747091     0.0011896161
   -0.0010529565     0.0004871627     0.0004062705
    0.0020217271     0.0027322409     0.0032472681
    0.0002680979    -0.0009063032     0.0011243659
   -0.0001671419    -0.0001855638     0.0003195033
   -0.0006361254    -0.0009283121    -0.0010592175
   -0.0000855256    -0.0011602102    -0.0001076603
   -0.0004434275    -0.0037299985     0.0013568007
    0.0019608299    -0.0027426317     0.0092718675
   -0.0022272617     0.0004788908    -0.0075983573
   -0.0019169447    -0.0007080548     0.0025039072
    0.0013645049     0.0012462157     0.0022129408
    0.0008909604    -0.0026450355    -0.0038447547
   -0.0031193063     0.0051655120     0.0102616003
    0.0015090540     0.0005099352    -0.0026201461
   -0.0001183230    -0.0005609134    -0.0000817664
   -0.0001837786     0.0004552086     0.0000250932
    0.0002731999     0.0002487143     0.0002486782
    0.0006275940     0.0000948561     0.0000444450
   -0.0001822607     0.0023913619     0.0027909878
    0.0001310332     0.0007001698    -0.0015442700
   -0.0014477401    -0.0008982635     0.0000121216
   -0.0024859670    -0.0015097899    -0.0020781190
   -0.0000474881     0.0011627903    -0.0025361775
    0.0007645256    -0.0049445219     0.0027739248
    0.0002007622     0.0002049723     0.0017138464
    0.0011344440     0.0016037316     0.0019682700
    0.0036572016     0.0038253538    -0.0053847487
   -0.0000998815     0.0004500925    -0.0007327113
    0.0005996714    -0.0011034263     0.0007543306
   -0.0009240159     0.0005008183     0.0011424745
    0.0004226824    -0.0005277861     0.0005099817
    0.0010742715    -0.0001946804    -0.0000259551
   -0.0009922982     0.0002782261    -0.0006514339
    0.0000196351    -0.0007737958    -0.0004371845
   -0.0000433260    -0.0004280489     0.0004229046
    0.0010277308    -0.0010748225     0.0000586519
   -0.0005771983    -0.0028697360    -0.0000478057
    0.0004859712    -0.0021792147     0.0005206093
    0.0019227280     0.0006571828    -0.0060066750
   -0.0017266045     0.0008789099     0.0021102897
    0.0015545870     0.0024651927     0.0018287901
    0.0013628647    -0.0000962695    -0.0004549365
   -0.0019647945    -0.0003628934     0.0007698080
   -0.0003951936    -0.0001877848     0.0000488247
    0.0000073263     0.0006915714     0.0006348661
    0.0002472199    -0.0005008186    -0.0000294367
    0.0000100840    -0.0004961941    -0.0002895251
   -0.0004698983    -0.0004781685    -0.0003053249
   -0.0005898441     0.0001017944    -0.0005525897
   -0.0002494057     0.0000502828    -0.0000702463
   -0.0000209621    -0.0000503723    -0.0004148594
    0.0002264419     0.0006117027     0.0004344883
    0.0000805438    -0.0001036896    -0.0008563731
    0.0001702625     0.0004892313     0.0005767416
    0.0005452323     0.0023759681     0.0022289010
   -0.0027215214     0.0010415317    -0.0016222905
    0.0015452314    -0.0003662478     0.0004071166
    0.0009343175    -0.0000217312     0.0032802008
    0.0011952227    -0.0011834974    -0.0001248550
    0.0004371751     0.0009590631     0.0037717336
   -0.0005510939     0.0006863035     0.0016818395
   -0.0001595378    -0.0017731273    -0.0063345229
    0.0000850449    -0.0001466480    -0.0003256599
    0.0007116477     0.0000807669    -0.0002517707
   -0.0006656302     0.0001525643     0.0004484415
    0.0000172411     0.0003122020     0.0001194111
    0.0039558686    -0.0007227564     0.0040258826
   -0.0002357412    -0.0015256743    -0.0051181918
   -0.0027948440     0.0028436218     0.0026799876
    0.0011866351    -0.0003719100    -0.0005390354
   -0.0005183396     0.0002869109    -0.0024448169
    0.0000954949     0.0000180591    -0.0001785146
    0.0001890874    -0.0006588220     0.0000246400
    0.0008768474    -0.0004111147     0.0010333190
   -0.0001009467     0.0000431947     0.0001300373
    0.0003026365     0.0002054613    -0.0002802762
   -0.0017728585    -0.0043134527     0.0011887280
   -0.0001105196    -0.0010787396    -0.0006758411
    0.0000823477     0.0010563311     0.0012569280
   -0.0009595968    -0.0012431845     0.0024766514
   -0.0007140262     0.0021176660    -0.0005618702
    0.0014254036    -0.0010484887    -0.0006995790
   -0.0000892169    -0.0012597243     0.0024360157
   -0.0002705278     0.0009020717    -0.0011436303
   -0.0003673180    -0.0000324858     0.0000523963
   -0.0003234251     0.0001474786     0.0005715170
    0.0000987577     0.0006500610    -0.0001127435
    0.0002466930    -0.0001837260     0.0008614897
   -0.0002245906     0.0001489217     0.0006258249
    0.0002000382     0.0011859432     0.0000251735
    0.0006738647    -0.0006536292    -0.0014383586
   -0.0002857776    -0.0000125103    -0.0003352467
    0.0028239983     0.0007439850    -0.0046236345
    0.0003690489    -0.0010427866     0.0006159783
   -0.0003865620    -0.0036557596     0.0013687637
   -0.0008422915    -0.0010263728    -0.0029089778
    0.0000556597     0.0001256779    -0.0000041868
   -0.0002414994     0.0004638425     0.0002883420
   -0.0001688683     0.0000689096    -0.0001947259
   -0.0021845300     0.0016469552     0.0023420442
   -0.0013595706     0.0029404371     0.0020283402
   -0.0018302578     0.0010568481    -0.0044613900
   -0.0008592512    -0.0018077237     0.0014812104
    0.0008616944     0.0015431223    -0.0031839275
    0.0008797447    -0.0001525702    -0.0006647825
    0.0015539987     0.0001735230    -0.0019975208
    0.0008044751     0.0005278282    -0.0001940279
   -0.0003919649    -0.0017423076     0.0010765888
   -0.0000703118     0.0002190659    -0.0006840237
   -0.0000356814     0.0003773512     0.0004704825
    0.0012897795     0.0036306580    -0.0003428324
    0.0016602272     0.0001837232     0.0007167451
   -0.0020395586     0.0032216404    -0.0033365861
   -0.0013209820    -0.0019856621     0.0016266598
    0.0005909095     0.0015926786     0.0002227955
    0.0008260156     0.0003011415     0.0011233758
   -0.0022321764    -0.0003203896     0.0014597408
    0.0009962738     0.0006269916     0.0002731931
    0.0004349848     0.0006859553    -0.0004294632
    0.0003518741    -0.0004912688     0.0004852272
    0.0000966611    -0.0011401074     0.0005746063
   -0.0002291618     0.0000213361     0.0005515780
    0.0004690121    -0.0005364886     0.0007801602
    0.0002246230    -0.0009572737    -0.0001303819
   -0.0004444503    -0.0000723059    -0.0010487341
    0.0001466200     0.0001714463     0.0000691354
   -0.0003501443     0.0000256406     0.0005335413
   -0.0001394063    -0.0016038669     0.0003782571
   -0.0004558208    -0.0004188816    -0.0002161357
    0.0006621146     0.0001325045    -0.0001191388
    0.0000208661     0.0004020815    -0.0005695473
   -0.0007907913    -0.0002394323     0.0016451926
    0.0018517137    -0.0018683294     0.0017267590
   -0.0003930003    -0.0016312190     0.0023157871
   -0.0003040512     0.0024583648    -0.0070469312
    0.0000590732    -0.0008544229     0.0021071960
   -0.0006205916     0.0015351163    -0.0008075446
   -0.0003863255     0.0001670922     0.0006946858
   -0.0015776283    -0.0019347719    -0.0001032667
   -0.0023139509    -0.0011076727     0.0007409978
   -0.0002811164     0.0004379260     0.0005598288
    0.0000661365     0.0008837928     0.0013337561
    0.0002571900     0.0001112239     0.0002200535
   -0.0007786306     0.0002839162     0.0009587186
   -0.0000429815     0.0002024777    -0.0000588172
    0.0006459553     0.0013465192    -0.0001360234
    0.0001063568     0.0000977165     0.0001476151
    0.0003375689     0.0000634354     0.0002281574
    0.0005753704     0.0011962121    -0.0003447633
    0.0011157156    -0.0001672876    -0.0004571474
    0.0008471344    -0.0000736300     0.0003838617
    0.0020873104    -0.0000449740     0.0015306233
   -0.0029405269     0.0017356877    -0.0016157271
    0.0047085869    -0.0024884742    -0.0017892788
   -0.0009353878    -0.0009642317     0.0006800294
   -0.0005465578    -0.0024172083     0.0001791992
    0.0002290416     0.0026902595    -0.0005463748
    0.0008079885     0.0004939453     0.0026361086
   -0.0024492196     0.0016652651    -0.0014289240
    0.0033701750    -0.0017495703    -0.0023892513
   -0.0004825195     0.0004432284    -0.0000586060
   -0.0002662638    -0.0000945191     0.0000286839
    0.0005555442    -0.0000707850    -0.0004443303
    0.0008544466     0.0006033128    -0.0003445546
   -0.0006104879     0.0001837889     0.0011540415
   -0.0007361731    -0.0002989010     0.0000271012
   -0.0009527552     0.0000325050     0.0006124727
   -0.0019065554     0.0000902157     0.0008538073
    0.0001179192    -0.0001669472     0.0001199124
    0.0005766388     0.0000532028     0.0000176419
    0.0002330750     0.0000534420     0.0018646395
   -0.0012588022     0.0006334151     0.0004754565
   -0.0007605499    -0.0003065100     0.0010991764
    0.0011526859     0.0013028638    -0.0043203095
    0.0025464763    -0.0043320644    -0.0032967650
    0.0003073412     0.0922135614    -0.0251982635
   -0.0073164877    -0.0162395369     0.0251540042
   -0.0017018884    -0.0022712047     0.0022338207
   -0.0007035626    -0.0016094491    -0.0016154811
   -0.0023274215    -0.0028265762     0.0020738580
    0.0005085418     0.0023779096    -0.0018624041
   -0.0003524373    -0.0020439506    -0.0005641621
   -0.0005411264     0.0028620763     0.0007018241
    0.0001240109     0.0005990856     0.0001378616
   -0.0007114738    -0.0000267291     0.0007776538
   -0.0006225557     0.0000500816    -0.0001358332
    0.0000528557     0.0004815869     0.0001099424
   -0.0003036144    -0.0004499705    -0.0009553909
    0.0000431330     0.0003297334     0.0007483652
    0.0044825578    -0.0001309845     0.0026861969
   -0.0021872758    -0.0057569136    -0.0023153615
   -0.0009686450     0.0022602082     0.0017462409
    0.0020050364     0.0003060794     0.0015188552
   -0.0037271472    -0.0003914817     0.0009981815
    0.0019869392     0.0010224358    -0.0003329517
   -0.0001507042    -0.0015606838    -0.0003957142
    0.0011853547     0.0012169287    -0.0001636832
   -0.0006907920    -0.0011570800    -0.0006307432
   -0.0003402308     0.0013526641     0.0007431810
   -0.0038504819     0.0046913028    -0.0022796218
    0.0016931861    -0.0001349179     0.0016503926
   -0.0011512822    -0.0017711558     0.0016316127
    0.0014917953    -0.0018061808     0.0008755791
   -0.0011283599     0.0007160691    -0.0001943482
    0.0015074287     0.0006465300    -0.0000347403
   -0.0021761149     0.0015728049    -0.0001089560
    0.0016556900     0.0000639749    -0.0007046897
   -0.0008739347    -0.0014026499     0.0009253261
   -0.0207079100    -0.0910592536     0.0333175907
   -0.0007522652    -0.0151347916     0.0112499765
   -0.0352686048     0.0458828188    -0.0709557879
    0.0020744517     0.0044568385     0.0263224910
   -0.0077992648    -0.0031053473    -0.0080249525
   -0.0009837391     0.0003330193    -0.0000641746
    0.0004286142    -0.0020660597     0.0014937454
   -0.0103902648    -0.0191252313    -0.0026700643
   -0.0022303798     0.0007552569    -0.0000436385
    0.0001897818    -0.0003987365     0.0007019723
   -0.0010729257    -0.0008179343    -0.0007169627
   -0.0011051297     0.0002531511    -0.0007115614
    0.0002067517    -0.0004261416     0.0005441329
   -0.0006595134     0.0004699930    -0.0000193182
    0.0001231566    -0.0005282380     0.0013157591
    0.0002619756     0.0006360392    -0.0002206738
   -0.0891339923    -0.0202662452     0.0049714348
   -0.0113412038    -0.0037262595     0.0103692443
    0.0034676324     0.0090033382     0.0043140014
   -0.0008305551     0.0012990525    -0.0034707890
   -0.0015892162     0.0001286374    -0.0111572381
   -0.0047023509     0.0045744461     0.0007077842
   -0.0000440733    -0.0031753826    -0.0007404387
    0.0009167086    -0.0011987959     0.0032365664
    0.0024598684    -0.0046598718    -0.0049067670
   -0.0230540365    -0.0024785893    -0.0094497581
   -0.0001513351    -0.0000565439    -0.0003624430
   -0.0010343240     0.0033615605     0.0009992336
   -0.0006741094     0.0000076459     0.0008326071
    0.0001584273    -0.0016114394    -0.0003320568
   -0.0000652816     0.0000736346    -0.0004910302
   -0.0033592719     0.0042470609    -0.0008822855
   -0.0002329649     0.0004408744     0.0017885399
   -0.0036142145    -0.0060845805    -0.0001666973
    0.0015229796     0.0004799686    -0.0051053186
   -0.0731145395    -0.0017690105    -0.0681017661
    0.0071953086     0.0103413567     0.0321621837
   -0.0001549478     0.0016598901     0.0005423330
    0.0016793166    -0.0023808501     0.0027553561
    0.0001982006    -0.0035081703    -0.0000203510
   -0.0002053443     0.0022162714     0.0013345810
    0.0030812240     0.0019520875    -0.0010321919
   -0.0019181540     0.0001730280     0.0003214835
   -0.0004461588    -0.0000849238     0.0021524068
   -0.0001190554     0.0002342933    -0.0001342127
   -0.0004106006     0.0004369927    -0.0005743428
   -0.0002798545     0.0008599633    -0.0000238936
   -0.0012377480     0.0005708924    -0.0003801094
    0.0002627072     0.0009958504    -0.0005151033
    0.0005139102    -0.0004414724     0.0001363348
   -0.0000631503     0.0001245899    -0.0007915373
    0.0002549244    -0.0003974481     0.0000140066
   -0.0651814833    -0.0738424883     0.0272909248
   -0.0052278764    -0.0113571838     0.0100405627
   -0.0051986724     0.0452850064    -0.0879568052
    0.0008709579     0.0091552838     0.0338907463
   -0.0008480320    -0.0001417220    -0.0089600744
   -0.0026827176    -0.0013126788    -0.0005523855
    0.0003505510     0.0030986712     0.0027322497
   -0.0195933058    -0.0148385954    -0.0044880484
    0.0008733390     0.0024913419    -0.0023946356
   -0.0026764932     0.0014261564     0.0000235847
    0.0005319773     0.0000492847     0.0000374398
   -0.0003291897     0.0000272115     0.0005877519
    0.0002879540    -0.0002520482     0.0008160647
    0.0005421380    -0.0011948204    -0.0000186766
   -0.0004123746    -0.0000780113    -0.0020042385
   -0.0004833223    -0.0023015212    -0.0003892595
   -0.0898928783     0.0005782795     0.0442649178
   -0.0125853762    -0.0058473039     0.0106692014
    0.0382629911     0.0672332298    -0.0597564132
    0.0052597563    -0.0127208524     0.0245991721
   -0.0029832314     0.0062965440    -0.0069440993
   -0.0061177476     0.0007897205     0.0028314935
    0.0000102779     0.0041630963     0.0031959541
    0.0023614571    -0.0005630810     0.0008239893
   -0.0195993332     0.0083301694     0.0051308072
    0.0022608037     0.0021263344    -0.0009897353
   -0.0002839396    -0.0006459773     0.0018896603
    0.0004629564     0.0001785483    -0.0003311618
    0.0018714754    -0.0009551504    -0.0005295791
   -0.0006067680     0.0001540767    -0.0009967168
    0.0000578100     0.0005371530    -0.0004012088
    0.0000811918    -0.0002190747    -0.0005756944
   -0.0009906612     0.0001232032     0.0004205021
   -0.0000896843     0.0004678763    -0.0009976993
   -0.0004807904    -0.0003167292     0.0005181335
   -0.0929429956    -0.0390103369     0.0026706928
   -0.0199066606    -0.0035823387     0.0006262447
    0.0850383099    -0.0446522840     0.0175644746
   -0.0134236879     0.0166519759    -0.0326736070
    0.0037875872    -0.0079499456     0.0075919948
   -0.0002162476    -0.0015160489    -0.0040423718
   -0.0003743469    -0.0011718769    -0.0016441010
    0.0004323574     0.0015488906     0.0064458392
   -0.0148980570    -0.0170179905     0.0035921373
    0.0030160414    -0.0013981750    -0.0008238936
   -0.0014149224    -0.0000022000    -0.0010926257
   -0.0005981511    -0.0030990829    -0.0022608995
   -0.1025784778     0.0142606921     0.0304962266
   -0.0089581532     0.0029976257    -0.0004156207
    0.0508683614    -0.0891143760     0.0100464674
   -0.0133656615     0.0242007030    -0.0237802547
    0.0034270047    -0.0105629153     0.0091569386
   -0.0020083080     0.0050764602     0.0010878965
   -0.0160942021    -0.0099634351     0.0156695911
    0.0033168875    -0.0025948229    -0.0007413146
   -0.0025708665    -0.0007870150    -0.0021732069
    0.0001202930     0.0002108252     0.0008042133
   -0.0000451558    -0.0004888833     0.0000081260
   -0.0701998992    -0.0653832405    -0.0165737664
   -0.0172015145    -0.0072542060    -0.0049021215
    0.0096674580     0.0018067960    -0.0051315618
   -0.0016909396     0.0004230963     0.0024950175
    0.0038047075    -0.0051795963     0.0052656749
   -0.0003491369    -0.0038907716     0.0023302068
    0.0005365573    -0.0003499906    -0.0034176575
   -0.0021901239    -0.0018564472     0.0013302762
    0.0033580564     0.0017695377     0.0024116181
   -0.0094829167    -0.0220164015    -0.0013173097
    0.0010588690     0.0000491662    -0.0001591009
    0.0003510239     0.0006370590     0.0008080491
    0.0012920945    -0.0029128561    -0.0016858366
   -0.0005948672     0.0001042397    -0.0014197974
   -0.0007553184     0.0008683892    -0.0010758221
   -0.0008785517     0.0000971449    -0.0005696719
   -0.0019454601     0.0000722546    -0.0007604608
    0.0001342442     0.0001547134    -0.0001487346
    0.0005875711    -0.0001526768    -0.0000515538
    0.0002281088    -0.0000987054    -0.0018799444
   -0.0012590273    -0.0006906340    -0.0004893469
   -0.0007673956     0.0002593781    -0.0011161580
   -0.0036877422     0.0020155471     0.0078727519
    0.0026994153     0.0021861929     0.0034639165
    0.0004841432    -0.0939331041     0.0264726741
   -0.0073375953     0.0167473825    -0.0257094388
   -0.0004504850     0.0003044693    -0.0008850808
   -0.0008766174     0.0006211112     0.0011798764
   -0.0023503112     0.0029976493    -0.0019938083
    0.0003998542    -0.0011695622     0.0010082573
    0.0012178834     0.0007478838    -0.0001736102
   -0.0008572983    -0.0028430096    -0.0006311127
   -0.0014736424     0.0002961151    -0.0008192794
   -0.0008643519     0.0004922952    -0.0010506082
   -0.0004743443     0.0000357984     0.0000915214
    0.0000660972    -0.0006062913    -0.0000362244
   -0.0001974565     0.0006713613     0.0003770111
   -0.0000695723    -0.0003967637    -0.0005118093
    0.0027330097     0.0006537660    -0.0000984777
    0.1348073024    -0.0198639658     0.0047976836
    0.0076882593    -0.0718436467     0.0079402800
    0.0458367138     0.1211064905    -0.0421245694
    0.0311702742    -0.0451238194     0.0475137938
    0.1359129451     0.0162719992     0.0068693754
    0.0612218032    -0.0074127392     0.0382861522
    0.0980256417     0.0909421557    -0.0259421527
   -0.0002062566    -0.0457841474     0.0558375014
    0.1199707961    -0.0184889930    -0.0614157577
   -0.0369288261    -0.0491285677     0.0382468336
    0.1174495308     0.0686823935     0.0024112777
   -0.0659248168     0.0302606975    -0.0031471583
    0.1296218843     0.0057154136    -0.0406643739
   -0.0409778320     0.0572151718     0.0069588807
    0.0868629721     0.1023370596     0.0237195722
    0.0076112100     0.0721939226    -0.0072610784
---------------------------------------------------
Net gradient:  1.151414e-09 -1.665362e-09 -2.808713e-10
Net torque:    4.187978e-03 -2.058091e-03  7.251821e-04

Total processing time: 143.90 sec 

 Job finished: Wed Mar 20 00:50:12 2019

